app/build/outputs/logs/manifest-merger-debug-report.txt
-- Merging decision tree log ---
manifest
ADDED from src/main/AndroidManifest.xml:2:1-31:12
	package
		ADDED from src/main/AndroidManifest.xml:3:5-46
		INJECTED from src/main/AndroidManifest.xml
		INJECTED from src/main/AndroidManifest.xml
	android:versionName
		ADDED from src/main/AndroidManifest.xml:5:5-30
		INJECTED from src/main/AndroidManifest.xml
		INJECTED from src/main/AndroidManifest.xml
	android:versionCode
		ADDED from src/main/AndroidManifest.xml:4:5-28
		INJECTED from src/main/AndroidManifest.xml
		INJECTED from src/main/AndroidManifest.xml
	xmlns:android
		ADDED from src/main/AndroidManifest.xml:2:11-69
uses-permission#android.permission.INTERNET
ADDED from src/main/AndroidManifest.xml:7:5-66
MERGED from [com.google.android.gms:play-services-ads-lite:9.2.1] AndroidManifest.xml:20:5-66
MERGED from [com.google.firebase:firebase-analytics:9.2.1] AndroidManifest.xml:21:5-67
MERGED from [com.google.firebase:firebase-analytics-impl:9.2.1] AndroidManifest.xml:21:5-67
MERGED from [com.google.firebase:firebase-iid:9.2.1] AndroidManifest.xml:21:5-67
MERGED from [com.google.firebase:firebase-analytics:9.2.1] AndroidManifest.xml:21:5-67
MERGED from [com.google.firebase:firebase-analytics-impl:9.2.1] AndroidManifest.xml:21:5-67
MERGED from [com.google.firebase:firebase-iid:9.2.1] AndroidManifest.xml:21:5-67
	android:name
		ADDED from src/main/AndroidManifest.xml:7:22-64
uses-permission#android.permission.ACCESS_NETWORK_STATE
ADDED from src/main/AndroidManifest.xml:8:5-78
MERGED from [com.google.android.gms:play-services-ads-lite:9.2.1] AndroidManifest.xml:21:5-78
MERGED from [com.google.firebase:firebase-analytics:9.2.1] AndroidManifest.xml:22:5-79
MERGED from [com.google.firebase:firebase-analytics-impl:9.2.1] AndroidManifest.xml:22:5-79
MERGED from [com.google.firebase:firebase-iid:9.2.1] AndroidManifest.xml:20:5-79
MERGED from [com.google.firebase:firebase-analytics:9.2.1] AndroidManifest.xml:22:5-79
MERGED from [com.google.firebase:firebase-analytics-impl:9.2.1] AndroidManifest.xml:22:5-79
MERGED from [com.google.firebase:firebase-iid:9.2.1] AndroidManifest.xml:20:5-79
	android:name
		ADDED from src/main/AndroidManifest.xml:8:22-76
uses-sdk
ADDED from src/main/AndroidManifest.xml:10:5-12:41
MERGED from [com.google.firebase:firebase-ads:9.2.1] AndroidManifest.xml:4:5-42
MERGED from [com.google.android.gms:play-services-ads:9.2.1] AndroidManifest.xml:19:5-42
MERGED from [com.google.android.gms:play-services-ads-lite:9.2.1] AndroidManifest.xml:23:5-42
MERGED from [com.google.android.gms:play-services-basement:9.2.1] AndroidManifest.xml:18:5-42
MERGED from [com.android.support:support-v4:24.1.1] AndroidManifest.xml:21:5-23:54
MERGED from [com.google.android.gms:play-services-base:9.2.1] AndroidManifest.xml:18:5-42
MERGED from [com.google.android.gms:play-services-basement:9.2.1] AndroidManifest.xml:18:5-42
MERGED from [com.android.support:support-v4:24.1.1] AndroidManifest.xml:21:5-23:54
MERGED from [com.google.android.gms:play-services-tasks:9.2.1] AndroidManifest.xml:4:5-43
MERGED from [com.google.android.gms:play-services-basement:9.2.1] AndroidManifest.xml:18:5-42
MERGED from [com.android.support:support-v4:24.1.1] AndroidManifest.xml:21:5-23:54
MERGED from [com.google.android.gms:play-services-clearcut:9.2.1] AndroidManifest.xml:18:5-42
MERGED from [com.google.android.gms:play-services-base:9.2.1] AndroidManifest.xml:18:5-42
MERGED from [com.google.android.gms:play-services-basement:9.2.1] AndroidManifest.xml:18:5-42
MERGED from [com.android.support:support-v4:24.1.1] AndroidManifest.xml:21:5-23:54
MERGED from [com.google.android.gms:play-services-tasks:9.2.1] AndroidManifest.xml:4:5-43
MERGED from [com.google.android.gms:play-services-basement:9.2.1] AndroidManifest.xml:18:5-42
MERGED from [com.android.support:support-v4:24.1.1] AndroidManifest.xml:21:5-23:54
MERGED from [com.google.android.gms:play-services-basement:9.2.1] AndroidManifest.xml:18:5-42
MERGED from [com.android.support:support-v4:24.1.1] AndroidManifest.xml:21:5-23:54
MERGED from [com.google.android.gms:play-services-basement:9.2.1] AndroidManifest.xml:18:5-42
MERGED from [com.android.support:support-v4:24.1.1] AndroidManifest.xml:21:5-23:54
MERGED from [com.google.android.gms:play-services-gass:9.2.1] AndroidManifest.xml:18:5-42
MERGED from [com.google.android.gms:play-services-basement:9.2.1] AndroidManifest.xml:18:5-42
MERGED from [com.android.support:support-v4:24.1.1] AndroidManifest.xml:21:5-23:54
MERGED from [com.google.firebase:firebase-analytics:9.2.1] AndroidManifest.xml:18:5-42
MERGED from [com.google.android.gms:play-services-basement:9.2.1] AndroidManifest.xml:18:5-42
MERGED from [com.android.support:support-v4:24.1.1] AndroidManifest.xml:21:5-23:54
MERGED from [com.google.firebase:firebase-common:9.2.1] AndroidManifest.xml:4:5-43
MERGED from [com.google.android.gms:play-services-basement:9.2.1] AndroidManifest.xml:18:5-42
MERGED from [com.android.support:support-v4:24.1.1] AndroidManifest.xml:21:5-23:54
MERGED from [com.google.android.gms:play-services-tasks:9.2.1] AndroidManifest.xml:4:5-43
MERGED from [com.google.android.gms:play-services-basement:9.2.1] AndroidManifest.xml:18:5-42
MERGED from [com.android.support:support-v4:24.1.1] AndroidManifest.xml:21:5-23:54
MERGED from [com.google.firebase:firebase-analytics-impl:9.2.1] AndroidManifest.xml:18:5-42
MERGED from [com.google.android.gms:play-services-basement:9.2.1] AndroidManifest.xml:18:5-42
MERGED from [com.android.support:support-v4:24.1.1] AndroidManifest.xml:21:5-23:54
MERGED from [com.google.firebase:firebase-iid:9.2.1] AndroidManifest.xml:18:5-42
MERGED from [com.google.android.gms:play-services-basement:9.2.1] AndroidManifest.xml:18:5-42
MERGED from [com.android.support:support-v4:24.1.1] AndroidManifest.xml:21:5-23:54
MERGED from [com.google.firebase:firebase-common:9.2.1] AndroidManifest.xml:4:5-43
MERGED from [com.google.android.gms:play-services-basement:9.2.1] AndroidManifest.xml:18:5-42
MERGED from [com.android.support:support-v4:24.1.1] AndroidManifest.xml:21:5-23:54
MERGED from [com.google.android.gms:play-services-tasks:9.2.1] AndroidManifest.xml:4:5-43
MERGED from [com.google.android.gms:play-services-basement:9.2.1] AndroidManifest.xml:18:5-42
MERGED from [com.android.support:support-v4:24.1.1] AndroidManifest.xml:21:5-23:54
MERGED from [com.google.firebase:firebase-common:9.2.1] AndroidManifest.xml:4:5-43
MERGED from [com.google.android.gms:play-services-basement:9.2.1] AndroidManifest.xml:18:5-42
MERGED from [com.android.support:support-v4:24.1.1] AndroidManifest.xml:21:5-23:54
MERGED from [com.google.android.gms:play-services-tasks:9.2.1] AndroidManifest.xml:4:5-43
MERGED from [com.google.android.gms:play-services-basement:9.2.1] AndroidManifest.xml:18:5-42
MERGED from [com.android.support:support-v4:24.1.1] AndroidManifest.xml:21:5-23:54
MERGED from [com.android.support:appcompat-v7:24.1.1] AndroidManifest.xml:21:5-23:78
MERGED from [com.android.support:animated-vector-drawable:24.1.1] AndroidManifest.xml:20:5-44
MERGED from [com.android.support:support-vector-drawable:24.1.1] AndroidManifest.xml:21:5-43
MERGED from [com.android.support:support-v4:24.1.1] AndroidManifest.xml:21:5-23:54
MERGED from [com.android.support:support-v4:24.1.1] AndroidManifest.xml:21:5-23:54
MERGED from [com.android.support:support-vector-drawable:24.1.1] AndroidManifest.xml:21:5-43
MERGED from [com.android.support:support-v4:24.1.1] AndroidManifest.xml:21:5-23:54
MERGED from [com.google.firebase:firebase-core:9.2.1] AndroidManifest.xml:4:5-42
MERGED from [com.google.firebase:firebase-analytics:9.2.1] AndroidManifest.xml:18:5-42
MERGED from [com.google.android.gms:play-services-basement:9.2.1] AndroidManifest.xml:18:5-42
MERGED from [com.android.support:support-v4:24.1.1] AndroidManifest.xml:21:5-23:54
MERGED from [com.google.firebase:firebase-common:9.2.1] AndroidManifest.xml:4:5-43
MERGED from [com.google.android.gms:play-services-basement:9.2.1] AndroidManifest.xml:18:5-42
MERGED from [com.android.support:support-v4:24.1.1] AndroidManifest.xml:21:5-23:54
MERGED from [com.google.android.gms:play-services-tasks:9.2.1] AndroidManifest.xml:4:5-43
MERGED from [com.google.android.gms:play-services-basement:9.2.1] AndroidManifest.xml:18:5-42
MERGED from [com.android.support:support-v4:24.1.1] AndroidManifest.xml:21:5-23:54
MERGED from [com.google.firebase:firebase-analytics-impl:9.2.1] AndroidManifest.xml:18:5-42
MERGED from [com.google.android.gms:play-services-basement:9.2.1] AndroidManifest.xml:18:5-42
MERGED from [com.android.support:support-v4:24.1.1] AndroidManifest.xml:21:5-23:54
MERGED from [com.google.firebase:firebase-iid:9.2.1] AndroidManifest.xml:18:5-42
MERGED from [com.google.android.gms:play-services-basement:9.2.1] AndroidManifest.xml:18:5-42
MERGED from [com.android.support:support-v4:24.1.1] AndroidManifest.xml:21:5-23:54
MERGED from [com.google.firebase:firebase-common:9.2.1] AndroidManifest.xml:4:5-43
MERGED from [com.google.android.gms:play-services-basement:9.2.1] AndroidManifest.xml:18:5-42
MERGED from [com.android.support:support-v4:24.1.1] AndroidManifest.xml:21:5-23:54
MERGED from [com.google.android.gms:play-services-tasks:9.2.1] AndroidManifest.xml:4:5-43
MERGED from [com.google.android.gms:play-services-basement:9.2.1] AndroidManifest.xml:18:5-42
MERGED from [com.android.support:support-v4:24.1.1] AndroidManifest.xml:21:5-23:54
MERGED from [com.google.firebase:firebase-common:9.2.1] AndroidManifest.xml:4:5-43
MERGED from [com.google.android.gms:play-services-basement:9.2.1] AndroidManifest.xml:18:5-42
MERGED from [com.android.support:support-v4:24.1.1] AndroidManifest.xml:21:5-23:54
MERGED from [com.google.android.gms:play-services-tasks:9.2.1] AndroidManifest.xml:4:5-43
MERGED from [com.google.android.gms:play-services-basement:9.2.1] AndroidManifest.xml:18:5-42
MERGED from [com.android.support:support-v4:24.1.1] AndroidManifest.xml:21:5-23:54
	tools:overrideLibrary
		ADDED from [com.android.support:support-v4:24.1.1] AndroidManifest.xml:23:9-51
	android:targetSdkVersion
		ADDED from src/main/AndroidManifest.xml:12:9-38
		INJECTED from src/main/AndroidManifest.xml
		INJECTED from src/main/AndroidManifest.xml
	android:minSdkVersion
		ADDED from src/main/AndroidManifest.xml:11:9-34
		INJECTED from src/main/AndroidManifest.xml
		INJECTED from src/main/AndroidManifest.xml
application
ADDED from src/main/AndroidManifest.xml:14:5-29:19
MERGED from [com.google.firebase:firebase-ads:9.2.1] AndroidManifest.xml:5:5-20
MERGED from [com.google.android.gms:play-services-ads-lite:9.2.1] AndroidManifest.xml:24:5-32:19
MERGED from [com.google.android.gms:play-services-basement:9.2.1] AndroidManifest.xml:20:5-24:19
MERGED from [com.android.support:support-v4:24.1.1] AndroidManifest.xml:25:5-20
MERGED from [com.google.android.gms:play-services-base:9.2.1] AndroidManifest.xml:19:5-23:19
MERGED from [com.google.android.gms:play-services-basement:9.2.1] AndroidManifest.xml:20:5-24:19
MERGED from [com.android.support:support-v4:24.1.1] AndroidManifest.xml:25:5-20
MERGED from [com.google.android.gms:play-services-tasks:9.2.1] AndroidManifest.xml:5:5-20
MERGED from [com.google.android.gms:play-services-basement:9.2.1] AndroidManifest.xml:20:5-24:19
MERGED from [com.android.support:support-v4:24.1.1] AndroidManifest.xml:25:5-20
MERGED from [com.google.android.gms:play-services-clearcut:9.2.1] AndroidManifest.xml:19:5-20
MERGED from [com.google.android.gms:play-services-base:9.2.1] AndroidManifest.xml:19:5-23:19
MERGED from [com.google.android.gms:play-services-basement:9.2.1] AndroidManifest.xml:20:5-24:19
MERGED from [com.android.support:support-v4:24.1.1] AndroidManifest.xml:25:5-20
MERGED from [com.google.android.gms:play-services-tasks:9.2.1] AndroidManifest.xml:5:5-20
MERGED from [com.google.android.gms:play-services-basement:9.2.1] AndroidManifest.xml:20:5-24:19
MERGED from [com.android.support:support-v4:24.1.1] AndroidManifest.xml:25:5-20
MERGED from [com.google.android.gms:play-services-basement:9.2.1] AndroidManifest.xml:20:5-24:19
MERGED from [com.android.support:support-v4:24.1.1] AndroidManifest.xml:25:5-20
MERGED from [com.google.android.gms:play-services-basement:9.2.1] AndroidManifest.xml:20:5-24:19
MERGED from [com.android.support:support-v4:24.1.1] AndroidManifest.xml:25:5-20
MERGED from [com.google.android.gms:play-services-gass:9.2.1] AndroidManifest.xml:19:5-20
MERGED from [com.google.android.gms:play-services-basement:9.2.1] AndroidManifest.xml:20:5-24:19
MERGED from [com.android.support:support-v4:24.1.1] AndroidManifest.xml:25:5-20
MERGED from [com.google.firebase:firebase-analytics:9.2.1] AndroidManifest.xml:26:5-41:19
MERGED from [com.google.android.gms:play-services-basement:9.2.1] AndroidManifest.xml:20:5-24:19
MERGED from [com.android.support:support-v4:24.1.1] AndroidManifest.xml:25:5-20
MERGED from [com.google.firebase:firebase-common:9.2.1] AndroidManifest.xml:5:5-12:19
MERGED from [com.google.android.gms:play-services-basement:9.2.1] AndroidManifest.xml:20:5-24:19
MERGED from [com.android.support:support-v4:24.1.1] AndroidManifest.xml:25:5-20
MERGED from [com.google.android.gms:play-services-tasks:9.2.1] AndroidManifest.xml:5:5-20
MERGED from [com.google.android.gms:play-services-basement:9.2.1] AndroidManifest.xml:20:5-24:19
MERGED from [com.android.support:support-v4:24.1.1] AndroidManifest.xml:25:5-20
MERGED from [com.google.firebase:firebase-analytics-impl:9.2.1] AndroidManifest.xml:26:5-41:19
MERGED from [com.google.android.gms:play-services-basement:9.2.1] AndroidManifest.xml:20:5-24:19
MERGED from [com.android.support:support-v4:24.1.1] AndroidManifest.xml:25:5-20
MERGED from [com.google.firebase:firebase-iid:9.2.1] AndroidManifest.xml:30:5-59:19
MERGED from [com.google.android.gms:play-services-basement:9.2.1] AndroidManifest.xml:20:5-24:19
MERGED from [com.android.support:support-v4:24.1.1] AndroidManifest.xml:25:5-20
MERGED from [com.google.firebase:firebase-common:9.2.1] AndroidManifest.xml:5:5-12:19
MERGED from [com.google.android.gms:play-services-basement:9.2.1] AndroidManifest.xml:20:5-24:19
MERGED from [com.android.support:support-v4:24.1.1] AndroidManifest.xml:25:5-20
MERGED from [com.google.android.gms:play-services-tasks:9.2.1] AndroidManifest.xml:5:5-20
MERGED from [com.google.android.gms:play-services-basement:9.2.1] AndroidManifest.xml:20:5-24:19
MERGED from [com.android.support:support-v4:24.1.1] AndroidManifest.xml:25:5-20
MERGED from [com.google.firebase:firebase-common:9.2.1] AndroidManifest.xml:5:5-12:19
MERGED from [com.google.android.gms:play-services-basement:9.2.1] AndroidManifest.xml:20:5-24:19
MERGED from [com.android.support:support-v4:24.1.1] AndroidManifest.xml:25:5-20
MERGED from [com.google.android.gms:play-services-tasks:9.2.1] AndroidManifest.xml:5:5-20
MERGED from [com.google.android.gms:play-services-basement:9.2.1] AndroidManifest.xml:20:5-24:19
MERGED from [com.android.support:support-v4:24.1.1] AndroidManifest.xml:25:5-20
MERGED from [com.android.support:appcompat-v7:24.1.1] AndroidManifest.xml:25:5-20
MERGED from [com.android.support:animated-vector-drawable:24.1.1] AndroidManifest.xml:22:5-20
MERGED from [com.android.support:support-vector-drawable:24.1.1] AndroidManifest.xml:23:5-20
MERGED from [com.android.support:support-v4:24.1.1] AndroidManifest.xml:25:5-20
MERGED from [com.android.support:support-v4:24.1.1] AndroidManifest.xml:25:5-20
MERGED from [com.android.support:support-vector-drawable:24.1.1] AndroidManifest.xml:23:5-20
MERGED from [com.android.support:support-v4:24.1.1] AndroidManifest.xml:25:5-20
MERGED from [com.google.firebase:firebase-core:9.2.1] AndroidManifest.xml:5:5-20
MERGED from [com.google.firebase:firebase-analytics:9.2.1] AndroidManifest.xml:26:5-41:19
MERGED from [com.google.android.gms:play-services-basement:9.2.1] AndroidManifest.xml:20:5-24:19
MERGED from [com.android.support:support-v4:24.1.1] AndroidManifest.xml:25:5-20
MERGED from [com.google.firebase:firebase-common:9.2.1] AndroidManifest.xml:5:5-12:19
MERGED from [com.google.android.gms:play-services-basement:9.2.1] AndroidManifest.xml:20:5-24:19
MERGED from [com.android.support:support-v4:24.1.1] AndroidManifest.xml:25:5-20
MERGED from [com.google.android.gms:play-services-tasks:9.2.1] AndroidManifest.xml:5:5-20
MERGED from [com.google.android.gms:play-services-basement:9.2.1] AndroidManifest.xml:20:5-24:19
MERGED from [com.android.support:support-v4:24.1.1] AndroidManifest.xml:25:5-20
MERGED from [com.google.firebase:firebase-analytics-impl:9.2.1] AndroidManifest.xml:26:5-41:19
MERGED from [com.google.android.gms:play-services-basement:9.2.1] AndroidManifest.xml:20:5-24:19
MERGED from [com.android.support:support-v4:24.1.1] AndroidManifest.xml:25:5-20
MERGED from [com.google.firebase:firebase-iid:9.2.1] AndroidManifest.xml:30:5-59:19
MERGED from [com.google.android.gms:play-services-basement:9.2.1] AndroidManifest.xml:20:5-24:19
MERGED from [com.android.support:support-v4:24.1.1] AndroidManifest.xml:25:5-20
MERGED from [com.google.firebase:firebase-common:9.2.1] AndroidManifest.xml:5:5-12:19
MERGED from [com.google.android.gms:play-services-basement:9.2.1] AndroidManifest.xml:20:5-24:19
MERGED from [com.android.support:support-v4:24.1.1] AndroidManifest.xml:25:5-20
MERGED from [com.google.android.gms:play-services-tasks:9.2.1] AndroidManifest.xml:5:5-20
MERGED from [com.google.android.gms:play-services-basement:9.2.1] AndroidManifest.xml:20:5-24:19
MERGED from [com.android.support:support-v4:24.1.1] AndroidManifest.xml:25:5-20
MERGED from [com.google.firebase:firebase-common:9.2.1] AndroidManifest.xml:5:5-12:19
MERGED from [com.google.android.gms:play-services-basement:9.2.1] AndroidManifest.xml:20:5-24:19
MERGED from [com.android.support:support-v4:24.1.1] AndroidManifest.xml:25:5-20
MERGED from [com.google.android.gms:play-services-tasks:9.2.1] AndroidManifest.xml:5:5-20
MERGED from [com.google.android.gms:play-services-basement:9.2.1] AndroidManifest.xml:20:5-24:19
MERGED from [com.android.support:support-v4:24.1.1] AndroidManifest.xml:25:5-20
	android:label
		ADDED from src/main/AndroidManifest.xml:17:9-41
	android:allowBackup
		ADDED from src/main/AndroidManifest.xml:15:9-35
	android:icon
		ADDED from src/main/AndroidManifest.xml:16:9-43
	android:theme
		ADDED from src/main/AndroidManifest.xml:18:9-40
activity#com.romero.ezinterestcalculator.EZInterestCalculatorActivity
ADDED from src/main/AndroidManifest.xml:19:9-28:20
	android:screenOrientation
		ADDED from src/main/AndroidManifest.xml:22:13-49
	android:label
		ADDED from src/main/AndroidManifest.xml:21:13-45
	android:name
		ADDED from src/main/AndroidManifest.xml:20:13-88
intent-filter#android.intent.action.MAIN+android.intent.category.LAUNCHER
ADDED from src/main/AndroidManifest.xml:23:13-27:29
action#android.intent.action.MAIN
ADDED from src/main/AndroidManifest.xml:24:17-69
	android:name
		ADDED from src/main/AndroidManifest.xml:24:25-66
category#android.intent.category.LAUNCHER
ADDED from src/main/AndroidManifest.xml:26:17-77
	android:name
		ADDED from src/main/AndroidManifest.xml:26:27-74
activity#com.google.android.gms.ads.AdActivity
ADDED from [com.google.android.gms:play-services-ads-lite:9.2.1] AndroidManifest.xml:26:9-29:64
	android:configChanges
		ADDED from [com.google.android.gms:play-services-ads-lite:9.2.1] AndroidManifest.xml:28:13-122
	android:theme
		ADDED from [com.google.android.gms:play-services-ads-lite:9.2.1] AndroidManifest.xml:29:13-61
	android:name
		ADDED from [com.google.android.gms:play-services-ads-lite:9.2.1] AndroidManifest.xml:27:13-65
activity#com.google.android.gms.ads.purchase.InAppPurchaseActivity
ADDED from [com.google.android.gms:play-services-ads-lite:9.2.1] AndroidManifest.xml:30:9-31:52
	android:theme
		ADDED from [com.google.android.gms:play-services-ads-lite:9.2.1] AndroidManifest.xml:31:13-50
	android:name
		ADDED from [com.google.android.gms:play-services-ads-lite:9.2.1] AndroidManifest.xml:30:19-91
meta-data#com.google.android.gms.version
ADDED from [com.google.android.gms:play-services-basement:9.2.1] AndroidManifest.xml:21:9-23:69
MERGED from [com.google.android.gms:play-services-basement:9.2.1] AndroidManifest.xml:21:9-23:69
MERGED from [com.google.android.gms:play-services-basement:9.2.1] AndroidManifest.xml:21:9-23:69
MERGED from [com.google.android.gms:play-services-basement:9.2.1] AndroidManifest.xml:21:9-23:69
MERGED from [com.google.android.gms:play-services-basement:9.2.1] AndroidManifest.xml:21:9-23:69
MERGED from [com.google.android.gms:play-services-basement:9.2.1] AndroidManifest.xml:21:9-23:69
MERGED from [com.google.android.gms:play-services-basement:9.2.1] AndroidManifest.xml:21:9-23:69
MERGED from [com.google.android.gms:play-services-basement:9.2.1] AndroidManifest.xml:21:9-23:69
MERGED from [com.google.android.gms:play-services-basement:9.2.1] AndroidManifest.xml:21:9-23:69
MERGED from [com.google.android.gms:play-services-basement:9.2.1] AndroidManifest.xml:21:9-23:69
MERGED from [com.google.android.gms:play-services-basement:9.2.1] AndroidManifest.xml:21:9-23:69
MERGED from [com.google.android.gms:play-services-basement:9.2.1] AndroidManifest.xml:21:9-23:69
MERGED from [com.google.android.gms:play-services-basement:9.2.1] AndroidManifest.xml:21:9-23:69
MERGED from [com.google.android.gms:play-services-basement:9.2.1] AndroidManifest.xml:21:9-23:69
MERGED from [com.google.android.gms:play-services-basement:9.2.1] AndroidManifest.xml:21:9-23:69
MERGED from [com.google.android.gms:play-services-basement:9.2.1] AndroidManifest.xml:21:9-23:69
MERGED from [com.google.android.gms:play-services-basement:9.2.1] AndroidManifest.xml:21:9-23:69
MERGED from [com.google.android.gms:play-services-basement:9.2.1] AndroidManifest.xml:21:9-23:69
MERGED from [com.google.android.gms:play-services-basement:9.2.1] AndroidManifest.xml:21:9-23:69
MERGED from [com.google.android.gms:play-services-basement:9.2.1] AndroidManifest.xml:21:9-23:69
MERGED from [com.google.android.gms:play-services-basement:9.2.1] AndroidManifest.xml:21:9-23:69
MERGED from [com.google.android.gms:play-services-basement:9.2.1] AndroidManifest.xml:21:9-23:69
MERGED from [com.google.android.gms:play-services-basement:9.2.1] AndroidManifest.xml:21:9-23:69
MERGED from [com.google.android.gms:play-services-basement:9.2.1] AndroidManifest.xml:21:9-23:69
MERGED from [com.google.android.gms:play-services-basement:9.2.1] AndroidManifest.xml:21:9-23:69
MERGED from [com.google.android.gms:play-services-basement:9.2.1] AndroidManifest.xml:21:9-23:69
	android:value
		ADDED from [com.google.android.gms:play-services-basement:9.2.1] AndroidManifest.xml:23:13-66
	android:name
		ADDED from [com.google.android.gms:play-services-basement:9.2.1] AndroidManifest.xml:22:13-58
activity#com.google.android.gms.common.api.GoogleApiActivity
ADDED from [com.google.android.gms:play-services-base:9.2.1] AndroidManifest.xml:20:9-22:45
MERGED from [com.google.android.gms:play-services-base:9.2.1] AndroidManifest.xml:20:9-22:45
	android:exported
		ADDED from [com.google.android.gms:play-services-base:9.2.1] AndroidManifest.xml:22:19-43
	android:theme
		ADDED from [com.google.android.gms:play-services-base:9.2.1] AndroidManifest.xml:21:19-78
	android:name
		ADDED from [com.google.android.gms:play-services-base:9.2.1] AndroidManifest.xml:20:19-85
uses-permission#android.permission.WAKE_LOCK
ADDED from [com.google.firebase:firebase-analytics:9.2.1] AndroidManifest.xml:24:5-67
MERGED from [com.google.firebase:firebase-analytics-impl:9.2.1] AndroidManifest.xml:24:5-67
MERGED from [com.google.firebase:firebase-iid:9.2.1] AndroidManifest.xml:22:5-68
MERGED from [com.google.firebase:firebase-analytics:9.2.1] AndroidManifest.xml:24:5-67
MERGED from [com.google.firebase:firebase-analytics-impl:9.2.1] AndroidManifest.xml:24:5-67
MERGED from [com.google.firebase:firebase-iid:9.2.1] AndroidManifest.xml:22:5-68
	android:name
		ADDED from [com.google.firebase:firebase-analytics:9.2.1] AndroidManifest.xml:24:22-65
receiver#com.google.android.gms.measurement.AppMeasurementReceiver
ADDED from [com.google.firebase:firebase-analytics:9.2.1] AndroidManifest.xml:28:7-34:18
MERGED from [com.google.firebase:firebase-analytics-impl:9.2.1] AndroidManifest.xml:28:7-34:18
MERGED from [com.google.firebase:firebase-analytics:9.2.1] AndroidManifest.xml:28:7-34:18
MERGED from [com.google.firebase:firebase-analytics-impl:9.2.1] AndroidManifest.xml:28:7-34:18
	android:enabled
		ADDED from [com.google.firebase:firebase-analytics:9.2.1] AndroidManifest.xml:30:11-33
	android:name
		ADDED from [com.google.firebase:firebase-analytics:9.2.1] AndroidManifest.xml:29:11-83
intent-filter#com.google.android.gms.measurement.UPLOAD
ADDED from [com.google.firebase:firebase-analytics:9.2.1] AndroidManifest.xml:31:9-33:25
action#com.google.android.gms.measurement.UPLOAD
ADDED from [com.google.firebase:firebase-analytics:9.2.1] AndroidManifest.xml:32:11-77
	android:name
		ADDED from [com.google.firebase:firebase-analytics:9.2.1] AndroidManifest.xml:32:19-75
service#com.google.android.gms.measurement.AppMeasurementService
ADDED from [com.google.firebase:firebase-analytics:9.2.1] AndroidManifest.xml:36:7-39:37
MERGED from [com.google.firebase:firebase-analytics-impl:9.2.1] AndroidManifest.xml:36:7-39:37
MERGED from [com.google.firebase:firebase-analytics:9.2.1] AndroidManifest.xml:36:7-39:37
MERGED from [com.google.firebase:firebase-analytics-impl:9.2.1] AndroidManifest.xml:36:7-39:37
	android:enabled
		ADDED from [com.google.firebase:firebase-analytics:9.2.1] AndroidManifest.xml:38:11-33
	android:exported
		ADDED from [com.google.firebase:firebase-analytics:9.2.1] AndroidManifest.xml:39:11-35
	android:name
		ADDED from [com.google.firebase:firebase-analytics:9.2.1] AndroidManifest.xml:37:11-82
provider#com.google.firebase.provider.FirebaseInitProvider
ADDED from [com.google.firebase:firebase-common:9.2.1] AndroidManifest.xml:7:9-11:39
MERGED from [com.google.firebase:firebase-common:9.2.1] AndroidManifest.xml:7:9-11:39
MERGED from [com.google.firebase:firebase-common:9.2.1] AndroidManifest.xml:7:9-11:39
MERGED from [com.google.firebase:firebase-common:9.2.1] AndroidManifest.xml:7:9-11:39
MERGED from [com.google.firebase:firebase-common:9.2.1] AndroidManifest.xml:7:9-11:39
MERGED from [com.google.firebase:firebase-common:9.2.1] AndroidManifest.xml:7:9-11:39
	android:authorities
		ADDED from [com.google.firebase:firebase-common:9.2.1] AndroidManifest.xml:8:13-72
	android:exported
		ADDED from [com.google.firebase:firebase-common:9.2.1] AndroidManifest.xml:10:13-37
	android:initOrder
		ADDED from [com.google.firebase:firebase-common:9.2.1] AndroidManifest.xml:11:13-36
	android:name
		ADDED from [com.google.firebase:firebase-common:9.2.1] AndroidManifest.xml:9:13-58
uses-permission#com.google.android.c2dm.permission.RECEIVE
ADDED from [com.google.firebase:firebase-iid:9.2.1] AndroidManifest.xml:23:5-82
MERGED from [com.google.firebase:firebase-iid:9.2.1] AndroidManifest.xml:23:5-82
	android:name
		ADDED from [com.google.firebase:firebase-iid:9.2.1] AndroidManifest.xml:23:22-79
permission#${applicationId}.permission.C2D_MESSAGE
ADDED from [com.google.firebase:firebase-iid:9.2.1] AndroidManifest.xml:25:5-26:47
	android:protectionLevel
		ADDED from [com.google.firebase:firebase-iid:9.2.1] AndroidManifest.xml:26:9-44
	android:name
		ADDED from [com.google.firebase:firebase-iid:9.2.1] AndroidManifest.xml:25:17-71
uses-permission#${applicationId}.permission.C2D_MESSAGE
ADDED from [com.google.firebase:firebase-iid:9.2.1] AndroidManifest.xml:28:5-79
	android:name
		ADDED from [com.google.firebase:firebase-iid:9.2.1] AndroidManifest.xml:28:22-76
receiver#com.google.firebase.iid.FirebaseInstanceIdReceiver
ADDED from [com.google.firebase:firebase-iid:9.2.1] AndroidManifest.xml:32:9-41:20
MERGED from [com.google.firebase:firebase-iid:9.2.1] AndroidManifest.xml:32:9-41:20
	android:exported
		ADDED from [com.google.firebase:firebase-iid:9.2.1] AndroidManifest.xml:34:13-36
	android:permission
		ADDED from [com.google.firebase:firebase-iid:9.2.1] AndroidManifest.xml:35:13-73
	android:name
		ADDED from [com.google.firebase:firebase-iid:9.2.1] AndroidManifest.xml:33:13-78
intent-filter#${applicationId}+com.google.android.c2dm.intent.RECEIVE+com.google.android.c2dm.intent.REGISTRATION
ADDED from [com.google.firebase:firebase-iid:9.2.1] AndroidManifest.xml:36:13-40:29
action#com.google.android.c2dm.intent.RECEIVE
ADDED from [com.google.firebase:firebase-iid:9.2.1] AndroidManifest.xml:37:17-81
	android:name
		ADDED from [com.google.firebase:firebase-iid:9.2.1] AndroidManifest.xml:37:25-78
action#com.google.android.c2dm.intent.REGISTRATION
ADDED from [com.google.firebase:firebase-iid:9.2.1] AndroidManifest.xml:38:17-86
	android:name
		ADDED from [com.google.firebase:firebase-iid:9.2.1] AndroidManifest.xml:38:25-83
category#${applicationId}
ADDED from [com.google.firebase:firebase-iid:9.2.1] AndroidManifest.xml:39:17-61
	android:name
		ADDED from [com.google.firebase:firebase-iid:9.2.1] AndroidManifest.xml:39:27-58
receiver#com.google.firebase.iid.FirebaseInstanceIdInternalReceiver
ADDED from [com.google.firebase:firebase-iid:9.2.1] AndroidManifest.xml:45:9-47:40
MERGED from [com.google.firebase:firebase-iid:9.2.1] AndroidManifest.xml:45:9-47:40
	android:exported
		ADDED from [com.google.firebase:firebase-iid:9.2.1] AndroidManifest.xml:47:13-37
	android:name
		ADDED from [com.google.firebase:firebase-iid:9.2.1] AndroidManifest.xml:46:13-86
service#com.google.firebase.iid.FirebaseInstanceIdService
ADDED from [com.google.firebase:firebase-iid:9.2.1] AndroidManifest.xml:51:9-57:19
MERGED from [com.google.firebase:firebase-iid:9.2.1] AndroidManifest.xml:51:9-57:19
	android:exported
		ADDED from [com.google.firebase:firebase-iid:9.2.1] AndroidManifest.xml:53:13-36
	android:name
		ADDED from [com.google.firebase:firebase-iid:9.2.1] AndroidManifest.xml:52:13-77
intent-filter#com.google.firebase.INSTANCE_ID_EVENT
ADDED from [com.google.firebase:firebase-iid:9.2.1] AndroidManifest.xml:54:13-56:29
	android:priority